{"level":30,"time":"2026-06-07T23:59:08.596Z","service":"order-api","environment":"dev","requestId":"a1ff33d6-a721-4ecd-a43d-791701859165","message":"Order created","item":"keyboard","quantity":2}
{"level":30,"time":"2026-06-07T23:59:08.598Z","service":"order-api","environment":"dev","requestId":"a1ff33d6-a721-4ecd-a43d-791701859165","method":"POST","endpoint":"/orders","statusCode":200,"responseTime":2,"userId":"user-100"}
{"level":30,"time":"2026-06-08T01:08:59.523Z","service":"order-api","environment":"dev","requestId":"9ba67538-3b81-49fd-b20e-616cb1542a62","message":"Order created","item":"keyboard","quantity":2}
{"level":30,"time":"2026-06-08T01:08:59.526Z","service":"order-api","environment":"dev","requestId":"9ba67538-3b81-49fd-b20e-616cb1542a62","method":"POST","endpoint":"/orders","statusCode":200,"responseTime":3,"userId":"user-100"}
{"level":30,"time":"2026-06-08T01:09:07.166Z","service":"order-api","environment":"dev","requestId":"62de60ef-b98a-4b0c-87e9-c24740906fb9","message":"Order created","item":"mouse","quantity":1}
{"level":30,"time":"2026-06-08T01:09:07.167Z","service":"order-api","environment":"dev","requestId":"62de60ef-b98a-4b0c-87e9-c24740906fb9","method":"POST","endpoint":"/orders","statusCode":200,"responseTime":1,"userId":"user-200"}
{"level":30,"time":"2026-06-08T01:09:12.248Z","service":"order-api","environment":"dev","requestId":"ba495d34-508d-4603-a49a-386d4f03d46d","message":"Fetched orders"}
{"level":30,"time":"2026-06-08T01:09:12.249Z","service":"order-api","environment":"dev","requestId":"ba495d34-508d-4603-a49a-386d4f03d46d","method":"GET","endpoint":"/orders","statusCode":200,"responseTime":1,"userId":"user-100"}
{"level":30,"time":"2026-06-08T01:17:43.074Z","service":"order-api","environment":"dev","requestId":"99983955-24a5-46c8-b24e-f19357cab1d7","message":"Order created","item":"keyboard","quantity":2}
{"level":30,"time":"2026-06-08T01:17:43.076Z","service":"order-api","environment":"dev","requestId":"99983955-24a5-46c8-b24e-f19357cab1d7","method":"POST","endpoint":"/orders","statusCode":200,"responseTime":2,"userId":"user-100"}
{"level":30,"time":"2026-06-08T01:19:32.189Z","service":"order-api","environment":"dev","requestId":"25b9bfd6-73ca-4661-a0fa-482121ef5fc9","message":"Order created","item":"keyboard","quantity":2}
{"level":30,"time":"2026-06-08T01:19:32.189Z","service":"order-api","environment":"dev","requestId":"25b9bfd6-73ca-4661-a0fa-482121ef5fc9","method":"POST","endpoint":"/orders","statusCode":200,"responseTime":0,"userId":"user-100"}
{"level":30,"time":"2026-06-08T01:20:39.229Z","service":"order-api","environment":"dev","requestId":"91b3d2fa-5fef-45f3-b371-50aa18de4ca3","message":"Order created","item":"keyboard","quantity":2}
{"level":30,"time":"2026-06-08T01:20:39.229Z","service":"order-api","environment":"dev","requestId":"91b3d2fa-5fef-45f3-b371-50aa18de4ca3","method":"POST","endpoint":"/orders","statusCode":200,"responseTime":0,"userId":"user-100"}
{"level":30,"time":"2026-06-08T01:22:05.207Z","service":"order-api","environment":"dev","requestId":"c4c55ee6-9fe4-4130-9526-ac4d8c8af4ab","message":"Order created","item":"keyboard","quantity":2}
{"level":30,"time":"2026-06-08T01:22:05.208Z","service":"order-api","environment":"dev","requestId":"c4c55ee6-9fe4-4130-9526-ac4d8c8af4ab","method":"POST","endpoint":"/orders","statusCode":200,"responseTime":2,"userId":"user-100"}
{"level":30,"time":"2026-06-08T01:23:41.704Z","service":"order-api","environment":"dev","requestId":"894dd406-f8cf-48e7-b02f-00883450df68","message":"Order created","item":"keyboard","quantity":2}
{"level":30,"time":"2026-06-08T01:23:41.706Z","service":"order-api","environment":"dev","requestId":"894dd406-f8cf-48e7-b02f-00883450df68","method":"POST","endpoint":"/orders","statusCode":200,"responseTime":2,"userId":"user-100"}
{"level":30,"time":"2026-06-08T01:25:35.999Z","service":"order-api","environment":"dev","requestId":"652dd443-7761-4291-8fde-ca52421f02a6","message":"Order created","item":"keyboard","quantity":2}
{"level":30,"time":"2026-06-08T01:25:36.000Z","service":"order-api","environment":"dev","requestId":"652dd443-7761-4291-8fde-ca52421f02a6","method":"POST","endpoint":"/orders","statusCode":200,"responseTime":1,"userId":"user-100","requestId":"652dd443-7761-4291-8fde-ca52421f02a6"}
{"level":30,"time":"2026-06-08T01:52:13.938Z","service":"order-api","environment":"dev","requestId":"10965d68-d511-4b10-bf5f-c260c411c5de","message":"Order created","item":"keyboard","quantity":2}
{"level":30,"time":"2026-06-08T01:52:13.939Z","service":"order-api","environment":"dev","requestId":"10965d68-d511-4b10-bf5f-c260c411c5de","method":"POST","endpoint":"/orders","statusCode":200,"responseTime":2,"userId":"anonymous","requestId":"10965d68-d511-4b10-bf5f-c260c411c5de"}
{"level":30,"time":"2026-06-08T02:02:49.528Z","service":"order-api","environment":"dev","requestId":"7ca0352f-ba36-46c8-96be-449ec2a3b9f9","message":"Order created","item":"laptop","quantity":3}
{"level":30,"time":"2026-06-08T02:02:49.528Z","service":"order-api","environment":"dev","requestId":"7ca0352f-ba36-46c8-96be-449ec2a3b9f9","method":"POST","endpoint":"/orders","statusCode":200,"responseTime":0,"userId":"anonymous","requestId":"7ca0352f-ba36-46c8-96be-449ec2a3b9f9"}
{"level":30,"time":"2026-06-08T02:05:35.993Z","service":"order-api","environment":"dev","requestId":"b059f7ca-5b7b-4135-b252-d56773289477","message":"Order created","item":"laptop","quantity":3}
{"level":30,"time":"2026-06-08T02:05:35.995Z","service":"order-api","environment":"dev","requestId":"b059f7ca-5b7b-4135-b252-d56773289477","method":"POST","endpoint":"/orders","statusCode":200,"responseTime":2,"userId":"anonymous","requestId":"b059f7ca-5b7b-4135-b252-d56773289477","item":"laptop"}
